<?xml version="1.0" encoding="UTF-8"?>
<!-- Generated by org.testng.reporters.JUnitReportReporter -->
<testsuite hostname="DESKTOP-RBEDB73" failures="0" tests="1" name="com.testPackage.SamplePUTMethod" time="3.105" errors="0" timestamp="10 Sep 2023 07:58:45 GMT" skipped="0">
  <testcase classname="com.testPackage.SamplePUTMethod" name="verifyPUTRequest" time="3.105"/>
</testsuite> <!-- com.testPackage.SamplePUTMethod -->
