<?xml version="1.0" encoding="UTF-8"?>
<!-- Generated by org.testng.reporters.JUnitReportReporter -->
<testsuite hostname="DESKTOP-RBEDB73" failures="0" tests="1" name="com.testPackage.SampleGETMethod" time="2.497" errors="0" timestamp="10 Sep 2023 07:32:54 GMT" skipped="0">
  <testcase classname="com.testPackage.SampleGETMethod" name="verifyGETRequest" time="2.497"/>
</testsuite> <!-- com.testPackage.SampleGETMethod -->
