<?xml version="1.0" encoding="UTF-8"?>
<!-- Generated by org.testng.reporters.JUnitReportReporter -->
<testsuite hostname="DESKTOP-RBEDB73" failures="0" tests="1" name="com.testPackage.SamplePOSTMethod" time="18.794" errors="0" timestamp="08 Dec 2023 12:26:28 GMT" skipped="0">
  <testcase classname="com.testPackage.SamplePOSTMethod" name="verifyPOSTRequest" time="18.794"/>
</testsuite> <!-- com.testPackage.SamplePOSTMethod -->
