<?xml version="1.0" encoding="UTF-8"?>
<!-- Generated by org.testng.reporters.JUnitReportReporter -->
<testsuite hostname="DESKTOP-RBEDB73" failures="0" tests="1" name="com.testPackage.SamplePATCHMethod" time="2.628" errors="0" timestamp="11 Sep 2023 16:14:02 GMT" skipped="0">
  <testcase classname="com.testPackage.SamplePATCHMethod" name="verifyPATCHRequest" time="2.628"/>
</testsuite> <!-- com.testPackage.SamplePATCHMethod -->
